<?xml version="1.0" encoding="UTF-8"?>
<!-- Generated by org.testng.reporters.JUnitReportReporter -->
<testsuite hostname="LAPTOP-SA31D4V3" failures="0" tests="2" name="org.TestNG.test.testng_practice.Amazon" time="38.767" errors="0" timestamp="2022-03-08T22:07:41 IST" skipped="0">
  <testcase classname="org.TestNG.test.testng_practice.Amazon" name="search" time="28.986"/>
  <testcase classname="org.TestNG.test.testng_practice.Amazon" name="find" time="9.781"/>
</testsuite> <!-- org.TestNG.test.testng_practice.Amazon -->
