<?xml version="1.0" encoding="UTF-8"?>
<!-- Generated by org.testng.reporters.JUnitReportReporter -->
<testsuite hostname="LAPTOP-SA31D4V3" failures="0" tests="1" name="org.TestNG.test.testng_practice.Ebay_sanity" time="19.893" errors="0" timestamp="2022-03-05T15:44:07 IST" skipped="0">
  <testcase classname="org.TestNG.test.testng_practice.Ebay_sanity" name="empty_search_test" time="19.893"/>
</testsuite> <!-- org.TestNG.test.testng_practice.Ebay_sanity -->
